# JRE version: Java(TM) SE Runtime Environment (8.0_45-b15) (build 1.8.0_45-b15)
# Java VM: Java HotSpot(TM) 64-Bit Server VM (25.45-b02 mixed mode windows-amd64 compressed oops)
Heap:
 PSYoungGen      total 118272K, used 89180K [0x000000076b180000, 0x0000000774380000, 0x00000007c0000000)
  eden space 107520K, 82% used [0x000000076b180000,0x0000000770897060,0x0000000771a80000)
  from space 10752K, 0% used [0x0000000772e80000,0x0000000772e80000,0x0000000773900000)
  to   space 7680K, 0% used [0x0000000773c00000,0x0000000773c00000,0x0000000774380000)
 ParOldGen       total 91648K, used 11781K [0x00000006c1400000, 0x00000006c6d80000, 0x000000076b180000)
  object space 91648K, 12% used [0x00000006c1400000,0x00000006c1f81690,0x00000006c6d80000)
 Metaspace       used 39931K, capacity 40396K, committed 40488K, reserved 1083392K
  class space    used 5489K, capacity 5642K, committed 5672K, reserved 1048576K
GC Heap History (10 events):
Event: 2.565 GC heap before
{Heap before GC invocations=3 (full 0):
 PSYoungGen      total 76288K, used 20425K [0x000000076b180000, 0x0000000770680000, 0x00000007c0000000)
  eden space 65536K, 14% used [0x000000076b180000,0x000000076baf2640,0x000000076f180000)
  from space 10752K, 99% used [0x000000076fc00000,0x000000077067ff80,0x0000000770680000)
  to   space 10752K, 0% used [0x000000076f180000,0x000000076f180000,0x000000076fc00000)
 ParOldGen       total 175104K, used 437K [0x00000006c1400000, 0x00000006cbf00000, 0x000000076b180000)
  object space 175104K, 0% used [0x00000006c1400000,0x00000006c146d4e8,0x00000006cbf00000)
 Metaspace       used 20928K, capacity 21080K, committed 21296K, reserved 1069056K
  class space    used 2570K, capacity 2634K, committed 2688K, reserved 1048576K
Event: 2.569 GC heap after
Heap after GC invocations=3 (full 0):
 PSYoungGen      total 76288K, used 5426K [0x000000076b180000, 0x0000000774680000, 0x00000007c0000000)
  eden space 65536K, 0% used [0x000000076b180000,0x000000076b180000,0x000000076f180000)
  from space 10752K, 50% used [0x000000076f180000,0x000000076f6ccb10,0x000000076fc00000)
  to   space 10752K, 0% used [0x0000000773c00000,0x0000000773c00000,0x0000000774680000)
 ParOldGen       total 175104K, used 509K [0x00000006c1400000, 0x00000006cbf00000, 0x000000076b180000)
  object space 175104K, 0% used [0x00000006c1400000,0x00000006c147f4f8,0x00000006cbf00000)
 Metaspace       used 20928K, capacity 21080K, committed 21296K, reserved 1069056K
  class space    used 2570K, capacity 2634K, committed 2688K, reserved 1048576K
}
Event: 2.569 GC heap before
{Heap before GC invocations=4 (full 1):
 PSYoungGen      total 76288K, used 5426K [0x000000076b180000, 0x0000000774680000, 0x00000007c0000000)
  eden space 65536K, 0% used [0x000000076b180000,0x000000076b180000,0x000000076f180000)
  from space 10752K, 50% used [0x000000076f180000,0x000000076f6ccb10,0x000000076fc00000)
  to   space 10752K, 0% used [0x0000000773c00000,0x0000000773c00000,0x0000000774680000)
 ParOldGen       total 175104K, used 509K [0x00000006c1400000, 0x00000006cbf00000, 0x000000076b180000)
  object space 175104K, 0% used [0x00000006c1400000,0x00000006c147f4f8,0x00000006cbf00000)
 Metaspace       used 20928K, capacity 21080K, committed 21296K, reserved 1069056K
  class space    used 2570K, capacity 2634K, committed 2688K, reserved 1048576K
Event: 2.592 GC heap after
Heap after GC invocations=4 (full 1):
 PSYoungGen      total 76288K, used 0K [0x000000076b180000, 0x0000000774680000, 0x00000007c0000000)
  eden space 65536K, 0% used [0x000000076b180000,0x000000076b180000,0x000000076f180000)
  from space 10752K, 0% used [0x000000076f180000,0x000000076f180000,0x000000076fc00000)
  to   space 10752K, 0% used [0x0000000773c00000,0x0000000773c00000,0x0000000774680000)
 ParOldGen       total 91648K, used 5360K [0x00000006c1400000, 0x00000006c6d80000, 0x000000076b180000)
  object space 91648K, 5% used [0x00000006c1400000,0x00000006c193c0f8,0x00000006c6d80000)
 Metaspace       used 20924K, capacity 21074K, committed 21296K, reserved 1069056K
  class space    used 2570K, capacity 2633K, committed 2688K, reserved 1048576K
}
Event: 9.774 GC heap before
{Heap before GC invocations=5 (full 1):
 PSYoungGen      total 76288K, used 65536K [0x000000076b180000, 0x0000000774680000, 0x00000007c0000000)
  eden space 65536K, 100% used [0x000000076b180000,0x000000076f180000,0x000000076f180000)
  from space 10752K, 0% used [0x000000076f180000,0x000000076f180000,0x000000076fc00000)
  to   space 10752K, 0% used [0x0000000773c00000,0x0000000773c00000,0x0000000774680000)
 ParOldGen       total 91648K, used 5360K [0x00000006c1400000, 0x00000006c6d80000, 0x000000076b180000)
  object space 91648K, 5% used [0x00000006c1400000,0x00000006c193c0f8,0x00000006c6d80000)
 Metaspace       used 28769K, capacity 28982K, committed 29312K, reserved 1075200K
  class space    used 3873K, capacity 3947K, committed 3968K, reserved 1048576K
Event: 9.779 GC heap after
Heap after GC invocations=5 (full 1):
 PSYoungGen      total 115200K, used 7673K [0x000000076b180000, 0x0000000774380000, 0x00000007c0000000)
  eden space 107520K, 0% used [0x000000076b180000,0x000000076b180000,0x0000000771a80000)
  from space 7680K, 99% used [0x0000000773c00000,0x000000077437e6a8,0x0000000774380000)
  to   space 10752K, 0% used [0x0000000772e80000,0x0000000772e80000,0x0000000773900000)
 ParOldGen       total 91648K, used 5368K [0x00000006c1400000, 0x00000006c6d80000, 0x000000076b180000)
  object space 91648K, 5% used [0x00000006c1400000,0x00000006c193e0f8,0x00000006c6d80000)
 Metaspace       used 28769K, capacity 28982K, committed 29312K, reserved 1075200K
  class space    used 3873K, capacity 3947K, committed 3968K, reserved 1048576K
}
Event: 14.839 GC heap before
{Heap before GC invocations=6 (full 1):
 PSYoungGen      total 115200K, used 86316K [0x000000076b180000, 0x0000000774380000, 0x00000007c0000000)
  eden space 107520K, 73% used [0x000000076b180000,0x000000076fe4cb08,0x0000000771a80000)
  from space 7680K, 99% used [0x0000000773c00000,0x000000077437e6a8,0x0000000774380000)
  to   space 10752K, 0% used [0x0000000772e80000,0x0000000772e80000,0x0000000773900000)
 ParOldGen       total 91648K, used 5368K [0x00000006c1400000, 0x00000006c6d80000, 0x000000076b180000)
  object space 91648K, 5% used [0x00000006c1400000,0x00000006c193e0f8,0x00000006c6d80000)
 Metaspace       used 35114K, capacity 35338K, committed 35496K, reserved 1079296K
  class space    used 4906K, capacity 4997K, committed 5032K, reserved 1048576K
Event: 14.845 GC heap after
Heap after GC invocations=6 (full 1):
 PSYoungGen      total 118272K, used 7574K [0x000000076b180000, 0x0000000774380000, 0x00000007c0000000)
  eden space 107520K, 0% used [0x000000076b180000,0x000000076b180000,0x0000000771a80000)
  from space 10752K, 70% used [0x0000000772e80000,0x00000007735e59f0,0x0000000773900000)
  to   space 7680K, 0% used [0x0000000773c00000,0x0000000773c00000,0x0000000774380000)
 ParOldGen       total 91648K, used 5376K [0x00000006c1400000, 0x00000006c6d80000, 0x000000076b180000)
  object space 91648K, 5% used [0x00000006c1400000,0x00000006c19400f8,0x00000006c6d80000)
 Metaspace       used 35114K, capacity 35338K, committed 35496K, reserved 1079296K
  class space    used 4906K, capacity 4997K, committed 5032K, reserved 1048576K
}
Event: 14.845 GC heap before
{Heap before GC invocations=7 (full 2):
 PSYoungGen      total 118272K, used 7574K [0x000000076b180000, 0x0000000774380000, 0x00000007c0000000)
  eden space 107520K, 0% used [0x000000076b180000,0x000000076b180000,0x0000000771a80000)
  from space 10752K, 70% used [0x0000000772e80000,0x00000007735e59f0,0x0000000773900000)
  to   space 7680K, 0% used [0x0000000773c00000,0x0000000773c00000,0x0000000774380000)
 ParOldGen       total 91648K, used 5376K [0x00000006c1400000, 0x00000006c6d80000, 0x000000076b180000)
  object space 91648K, 5% used [0x00000006c1400000,0x00000006c19400f8,0x00000006c6d80000)
 Metaspace       used 35114K, capacity 35338K, committed 35496K, reserved 1079296K
  class space    used 4906K, capacity 4997K, committed 5032K, reserved 1048576K
Event: 14.909 GC heap after
Heap after GC invocations=7 (full 2):
 PSYoungGen      total 118272K, used 0K [0x000000076b180000, 0x0000000774380000, 0x00000007c0000000)
  eden space 107520K, 0% used [0x000000076b180000,0x000000076b180000,0x0000000771a80000)
  from space 10752K, 0% used [0x0000000772e80000,0x0000000772e80000,0x0000000773900000)
  to   space 7680K, 0% used [0x0000000773c00000,0x0000000773c00000,0x0000000774380000)
 ParOldGen       total 91648K, used 11781K [0x00000006c1400000, 0x00000006c6d80000, 0x000000076b180000)
  object space 91648K, 12% used [0x00000006c1400000,0x00000006c1f81690,0x00000006c6d80000)
 Metaspace       used 35114K, capacity 35338K, committed 35496K, reserved 1079296K
  class space    used 4906K, capacity 4997K, committed 5032K, reserved 1048576K
}

